[35m[1mConsolidate compiler generated dependencies of target comms[0m
[ 28%] Built target udp
[ 57%] Built target ackermann_send
[ 71%] [32mBuilding CXX object CMakeFiles/comms.dir/src/udp_client.cpp.o[0m
[01m[K/home/roboracing/Desktop/roboracing-rigatoniv-base/comms/src/udp_client.cpp:[m[K In member function â€˜[01m[Kvoid comms::UDPClient::handle_receive(const boost::system::error_code&, size_t)[m[Kâ€™:
[01m[K/home/roboracing/Desktop/roboracing-rigatoniv-base/comms/src/udp_client.cpp:86:9:[m[K [01;31m[Kerror: [m[Kexpected â€˜[01m[K;[m[Kâ€™ before â€˜[01m[Kstate_publisher_[m[Kâ€™
   86 |         [01;31m[Kstate_publisher_[m[K->publish(message);
      |         [01;31m[K^~~~~~~~~~~~~~~~[m[K
gmake[2]: *** [CMakeFiles/comms.dir/build.make:76: CMakeFiles/comms.dir/src/udp_client.cpp.o] Error 1
gmake[1]: *** [CMakeFiles/Makefile2:141: CMakeFiles/comms.dir/all] Error 2
gmake: *** [Makefile:146: all] Error 2
