[0.252s] Invoking command in '/home/roboracing/Desktop/roboracing-rigatoniv-base/build/comms': CMAKE_PREFIX_PATH=${CMAKE_PREFIX_PATH}:/home/roboracing/Desktop/roboracing-rigatoniv-base/install/launch_robot:/home/roboracing/ros2_humble/install/rqt_bag_plugins:/home/roboracing/ros2_humble/install/rqt_bag:/home/roboracing/ros2_humble/install/launch_testing_examples:/home/roboracing/ros2_humble/install/ros2bag:/home/roboracing/ros2_humble/install/tracetools_test:/home/roboracing/ros2_humble/install/tracetools_launch:/home/roboracing/ros2_humble/install/topic_monitor:/home/roboracing/ros2_humble/install/tf2_tools:/home/roboracing/ros2_humble/install/examples_tf2_py:/home/roboracing/ros2_humble/install/tf2_ros_py:/home/roboracing/ros2_humble/install/sros2:/home/roboracing/ros2_humble/install/rqt_topic:/home/roboracing/ros2_humble/install/rqt_srv:/home/roboracing/ros2_humble/install/rqt_shell:/home/roboracing/ros2_humble/install/rqt_service_caller:/home/roboracing/ros2_humble/install/rqt_reconfigure:/home/roboracing/ros2_humble/install/rqt_py_console:/home/roboracing/ros2_humble/install/rqt_publisher:/home/roboracing/ros2_humble/install/rqt_plot:/home/roboracing/ros2_humble/install/rqt_action:/home/roboracing/ros2_humble/install/rqt_msg:/home/roboracing/ros2_humble/install/rqt_console:/home/roboracing/ros2_humble/install/rqt:/home/roboracing/ros2_humble/install/rqt_graph:/home/roboracing/ros2_humble/install/rqt_gui_py:/home/roboracing/ros2_humble/install/rqt_gui:/home/roboracing/ros2_humble/install/ros2trace:/home/roboracing/ros2_humble/install/ros2topic:/home/roboracing/ros2_humble/install/ros2test:/home/roboracing/ros2_humble/install/ros2component:/home/roboracing/ros2_humble/install/ros2param:/home/roboracing/ros2_humble/install/ros2lifecycle:/home/roboracing/ros2_humble/install/ros2service:/home/roboracing/ros2_humble/install/ros2run:/home/roboracing/ros2_humble/install/ros2launch:/home/roboracing/ros2_humble/install/ros2pkg:/home/roboracing/ros2_humble/install/ros2node:/home/roboracing/ros2_humble/install/ros2multicast:/home/roboracing/ros2_humble/install/ros2interface:/home/roboracing/ros2_humble/install/ros2doctor:/home/roboracing/ros2_humble/install/ros2action:/home/roboracing/ros2_humble/install/ros2cli:/home/roboracing/ros2_humble/install/quality_of_service_demo_py:/home/roboracing/ros2_humble/install/lifecycle_py:/home/roboracing/ros2_humble/install/launch_testing_ros:/home/roboracing/ros2_humble/install/launch_ros:/home/roboracing/ros2_humble/install/examples_rclpy_pointcloud_publisher:/home/roboracing/ros2_humble/install/examples_rclpy_minimal_subscriber:/home/roboracing/ros2_humble/install/examples_rclpy_minimal_service:/home/roboracing/ros2_humble/install/examples_rclpy_minimal_publisher:/home/roboracing/ros2_humble/install/examples_rclpy_minimal_client:/home/roboracing/ros2_humble/install/examples_rclpy_minimal_action_server:/home/roboracing/ros2_humble/install/examples_rclpy_minimal_action_client:/home/roboracing/ros2_humble/install/examples_rclpy_guard_conditions:/home/roboracing/ros2_humble/install/examples_rclpy_executors:/home/roboracing/ros2_humble/install/demo_nodes_py:/home/roboracing/ros2_humble/install/action_tutorials_py:/home/roboracing/ros2_humble/install/ament_uncrustify:/home/roboracing/ros2_humble/install/tracetools_trace:/home/roboracing/ros2_humble/install/tracetools_read:/home/roboracing/ros2_humble/install/test_tracetools_launch:/home/roboracing/ros2_humble/install/test_launch_ros:/home/roboracing/ros2_humble/install/sensor_msgs_py:/home/roboracing/ros2_humble/install/rpyutils:/home/roboracing/ros2_humble/install/rosidl_runtime_py:/home/roboracing/ros2_humble/install/rosidl_cli:/home/roboracing/ros2_humble/install/launch_pytest:/home/roboracing/ros2_humble/install/launch_testing:/home/roboracing/ros2_humble/install/launch_yaml:/home/roboracing/ros2_humble/install/launch_xml:/home/roboracing/ros2_humble/install/launch:/home/roboracing/ros2_humble/install/osrf_pycommon:/home/roboracing/ros2_humble/install/domain_coordinator:/home/roboracing/ros2_humble/install/ament_xmllint:/home/roboracing/ros2_humble/install/ament_pyflakes:/home/roboracing/ros2_humble/install/ament_pycodestyle:/home/roboracing/ros2_humble/install/ament_pep257:/home/roboracing/ros2_humble/install/ament_pclint:/home/roboracing/ros2_humble/install/ament_package:/home/roboracing/ros2_humble/install/ament_mypy:/home/roboracing/ros2_humble/install/ament_lint_cmake:/home/roboracing/ros2_humble/install/ament_flake8:/home/roboracing/ros2_humble/install/ament_copyright:/home/roboracing/ros2_humble/install/ament_lint:/home/roboracing/ros2_humble/install/ament_index_python:/home/roboracing/ros2_humble/install/ament_cpplint:/home/roboracing/ros2_humble/install/ament_cppcheck:/home/roboracing/ros2_humble/install/ament_clang_tidy:/home/roboracing/ros2_humble/install/ament_clang_format:/opt/ros/humble /usr/bin/cmake --build /home/roboracing/Desktop/roboracing-rigatoniv-base/build/comms -- -j6 -l6
[1.579s] [ 28%] Built target udp
[1.580s] [ 57%] Built target ackermann_send
[1.580s] [ 71%] [32mBuilding CXX object CMakeFiles/comms.dir/src/udp_client.cpp.o[0m
[12.067s] [01m[K/home/roboracing/Desktop/roboracing-rigatoniv-base/comms/src/udp_client.cpp:22:13:[m[K [01;31m[Kerror: [m[KISO C++ forbids declaration of â€˜[01m[KUDPClient[m[Kâ€™ with no type [[01;31m[K]8;;https://gcc.gnu.org/onlinedocs/gcc/Warning-Options.html#index-fpermissive-fpermissive]8;;[m[K]
[12.067s]    22 |    explicit [01;31m[KUDPClient[m[K(const rclcpp::NodeOptions& options) : Node("udp_node", options), io_service(), socket(io_service, {udp::v4(), 8888})
[12.068s]       |             [01;31m[K^~~~~~~~~[m[K
[12.068s] [01m[K/home/roboracing/Desktop/roboracing-rigatoniv-base/comms/src/udp_client.cpp:22:4:[m[K [01;31m[Kerror: [m[Konly declarations of constructors and conversion operators can be â€˜[01m[Kexplicit[m[Kâ€™
[12.068s]    22 |    [01;31m[Kexplicit[m[K UDPClient(const rclcpp::NodeOptions& options) : Node("udp_node", options), io_service(), socket(io_service, {udp::v4(), 8888})
[12.068s]       |    [01;31m[K^~~~~~~~[m[K
[12.181s] [01m[K/home/roboracing/Desktop/roboracing-rigatoniv-base/comms/src/udp_client.cpp:[m[K In member function â€˜[01m[Kint comms::<unnamed class>::UDPClient(const rclcpp::NodeOptions&)[m[Kâ€™:
[12.182s] [01m[K/home/roboracing/Desktop/roboracing-rigatoniv-base/comms/src/udp_client.cpp:22:61:[m[K [01;31m[Kerror: [m[Konly constructors take member initializers
[12.182s]    22 |    explicit UDPClient(const rclcpp::NodeOptions& options) : [01;31m[KNode[m[K("udp_node", options), io_service(), socket(io_service, {udp::v4(), 8888})
[12.182s]       |                                                             [01;31m[K^~~~[m[K
[12.183s] [01m[K/home/roboracing/Desktop/roboracing-rigatoniv-base/comms/src/udp_client.cpp:26:122:[m[K [01;31m[Kerror: [m[Kâ€˜[01m[KUDPClient[m[Kâ€™ is not a class, namespace, or enumeration
[12.183s]    26 |     subscription_ = this->create_subscription<ackermann_msgs::msg::AckermannDriveStamped>("/comms/drive", 10, std::bind(&[01;31m[KUDPClient[m[K::udp_callback, this, std::placeholders::_1));
[12.183s]       |                                                                                                                          [01;31m[K^~~~~~~~~[m[K
[12.187s] [01m[K/home/roboracing/Desktop/roboracing-rigatoniv-base/comms/src/udp_client.cpp:30:20:[m[K [01;31m[Kerror: [m[Kâ€˜[01m[KUDPClient[m[Kâ€™ is not a class, namespace, or enumeration
[12.188s]    30 |         std::bind(&[01;31m[KUDPClient[m[K::state_test_publisher, this));
[12.188s]       |                    [01;31m[K^~~~~~~~~[m[K
[12.189s] [01m[K/home/roboracing/Desktop/roboracing-rigatoniv-base/comms/src/udp_client.cpp:35:4:[m[K [01;35m[Kwarning: [m[Kno return statement in function returning non-void [[01;35m[K]8;;https://gcc.gnu.org/onlinedocs/gcc/Warning-Options.html#index-Wreturn-type-Wreturn-type]8;;[m[K]
[12.189s]    35 |    [01;35m[K}[m[K
[12.189s]       |    [01;35m[K^[m[K
[12.194s] [01m[K/home/roboracing/Desktop/roboracing-rigatoniv-base/comms/src/udp_client.cpp:[m[K In member function â€˜[01m[Kvoid comms::<unnamed class>::do_receive()[m[Kâ€™:
[12.194s] [01m[K/home/roboracing/Desktop/roboracing-rigatoniv-base/comms/src/udp_client.cpp:68:46:[m[K [01;31m[Kerror: [m[Kâ€˜[01m[KUDPClient[m[Kâ€™ is not a class, namespace, or enumeration
[12.194s]    68 |                                 boost::bind(&[01;31m[KUDPClient[m[K::handle_receive, this,
[12.194s]       |                                              [01;31m[K^~~~~~~~~[m[K
[12.199s] [01m[K/home/roboracing/Desktop/roboracing-rigatoniv-base/comms/src/udp_client.cpp:[m[K At global scope:
[12.200s] [01m[K/home/roboracing/Desktop/roboracing-rigatoniv-base/comms/src/udp_client.cpp:19:8:[m[K [01;35m[Kwarning: [m[KISO C++ prohibits anonymous structs [[01;35m[K]8;;https://gcc.gnu.org/onlinedocs/gcc/Warning-Options.html#index-Wpedantic-Wpedantic]8;;[m[K]
[12.200s]    19 | class  [01;35m[K:[m[K public rclcpp::Node
[12.200s]       |        [01;35m[K^[m[K
[12.200s] [01m[K/home/roboracing/Desktop/roboracing-rigatoniv-base/comms/src/udp_client.cpp:19:8:[m[K [01;31m[Kerror: [m[Kmember â€˜[01m[Krclcpp::Node comms::<unnamed class>::<anonymous>[m[Kâ€™ with constructor not allowed in anonymous aggregate
[12.201s] [01m[K/home/roboracing/Desktop/roboracing-rigatoniv-base/comms/src/udp_client.cpp:19:8:[m[K [01;31m[Kerror: [m[Kmember â€˜[01m[Krclcpp::Node comms::<unnamed class>::<anonymous>[m[Kâ€™ with destructor not allowed in anonymous aggregate
[12.201s] [01m[K/home/roboracing/Desktop/roboracing-rigatoniv-base/comms/src/udp_client.cpp:19:8:[m[K [01;31m[Kerror: [m[Kmember â€˜[01m[Krclcpp::Node comms::<unnamed class>::<anonymous>[m[Kâ€™ with copy assignment operator not allowed in anonymous aggregate
[12.201s] [01m[K/home/roboracing/Desktop/roboracing-rigatoniv-base/comms/src/udp_client.cpp:37:19:[m[K [01;31m[Kerror: [m[Kmember â€˜[01m[Kstd::ofstream comms::<unnamed class>::state_log_file_output[m[Kâ€™ with constructor not allowed in anonymous aggregate
[12.201s]    37 |     std::ofstream [01;31m[Kstate_log_file_output[m[K;
[12.202s]       |                   [01;31m[K^~~~~~~~~~~~~~~~~~~~~[m[K
[12.202s] [01m[K/home/roboracing/Desktop/roboracing-rigatoniv-base/comms/src/udp_client.cpp:37:19:[m[K [01;31m[Kerror: [m[Kmember â€˜[01m[Kstd::ofstream comms::<unnamed class>::state_log_file_output[m[Kâ€™ with destructor not allowed in anonymous aggregate
[12.202s] [01m[K/home/roboracing/Desktop/roboracing-rigatoniv-base/comms/src/udp_client.cpp:37:19:[m[K [01;31m[Kerror: [m[Kmember â€˜[01m[Kstd::ofstream comms::<unnamed class>::state_log_file_output[m[Kâ€™ with copy assignment operator not allowed in anonymous aggregate
[12.203s] [01m[K/home/roboracing/Desktop/roboracing-rigatoniv-base/comms/src/udp_client.cpp:38:23:[m[K [01;31m[Kerror: [m[Kmember â€˜[01m[Kconst string comms::<unnamed class>::JETSON_IP[m[Kâ€™ with constructor not allowed in anonymous aggregate
[12.203s]    38 |     const std::string [01;31m[KJETSON_IP[m[K = "192.168.55.1";
[12.203s]       |                       [01;31m[K^~~~~~~~~[m[K
[12.203s] [01m[K/home/roboracing/Desktop/roboracing-rigatoniv-base/comms/src/udp_client.cpp:38:23:[m[K [01;31m[Kerror: [m[Kmember â€˜[01m[Kconst string comms::<unnamed class>::JETSON_IP[m[Kâ€™ with destructor not allowed in anonymous aggregate
[12.204s] [01m[K/home/roboracing/Desktop/roboracing-rigatoniv-base/comms/src/udp_client.cpp:38:23:[m[K [01;31m[Kerror: [m[Kmember â€˜[01m[Kconst string comms::<unnamed class>::JETSON_IP[m[Kâ€™ with copy assignment operator not allowed in anonymous aggregate
[12.204s] [01m[K/home/roboracing/Desktop/roboracing-rigatoniv-base/comms/src/udp_client.cpp:39:29:[m[K [01;31m[Kerror: [m[Kmember â€˜[01m[Kboost::asio::io_service comms::<unnamed class>::io_service[m[Kâ€™ with constructor not allowed in anonymous aggregate
[12.204s]    39 |     boost::asio::io_service [01;31m[Kio_service[m[K;
[12.204s]       |                             [01;31m[K^~~~~~~~~~[m[K
[12.204s] [01m[K/home/roboracing/Desktop/roboracing-rigatoniv-base/comms/src/udp_client.cpp:39:29:[m[K [01;31m[Kerror: [m[Kmember â€˜[01m[Kboost::asio::io_service comms::<unnamed class>::io_service[m[Kâ€™ with destructor not allowed in anonymous aggregate
[12.205s] [01m[K/home/roboracing/Desktop/roboracing-rigatoniv-base/comms/src/udp_client.cpp:39:29:[m[K [01;31m[Kerror: [m[Kmember â€˜[01m[Kboost::asio::io_service comms::<unnamed class>::io_service[m[Kâ€™ with copy assignment operator not allowed in anonymous aggregate
[12.205s] [01m[K/home/roboracing/Desktop/roboracing-rigatoniv-base/comms/src/udp_client.cpp:40:17:[m[K [01;31m[Kerror: [m[Kmember â€˜[01m[Kboost::asio::ip::udp::socket comms::<unnamed class>::socket[m[Kâ€™ with constructor not allowed in anonymous aggregate
[12.205s]    40 |     udp::socket [01;31m[Ksocket[m[K;
[12.205s]       |                 [01;31m[K^~~~~~[m[K
[12.205s] [01m[K/home/roboracing/Desktop/roboracing-rigatoniv-base/comms/src/udp_client.cpp:40:17:[m[K [01;31m[Kerror: [m[Kmember â€˜[01m[Kboost::asio::ip::udp::socket comms::<unnamed class>::socket[m[Kâ€™ with destructor not allowed in anonymous aggregate
[12.205s] [01m[K/home/roboracing/Desktop/roboracing-rigatoniv-base/comms/src/udp_client.cpp:40:17:[m[K [01;31m[Kerror: [m[Kmember â€˜[01m[Kboost::asio::ip::udp::socket comms::<unnamed class>::socket[m[Kâ€™ with copy assignment operator not allowed in anonymous aggregate
[12.206s] [01m[K/home/roboracing/Desktop/roboracing-rigatoniv-base/comms/src/udp_client.cpp:41:19:[m[K [01;31m[Kerror: [m[Kmember â€˜[01m[Kboost::asio::ip::udp::endpoint comms::<unnamed class>::receiver_endpoint[m[Kâ€™ with constructor not allowed in anonymous aggregate
[12.206s]    41 |     udp::endpoint [01;31m[Kreceiver_endpoint[m[K;
[12.206s]       |                   [01;31m[K^~~~~~~~~~~~~~~~~[m[K
[12.206s] [01m[K/home/roboracing/Desktop/roboracing-rigatoniv-base/comms/src/udp_client.cpp:41:19:[m[K [01;31m[Kerror: [m[Kmember â€˜[01m[Kboost::asio::ip::udp::endpoint comms::<unnamed class>::receiver_endpoint[m[Kâ€™ with copy assignment operator not allowed in anonymous aggregate
[12.206s] [01m[K/home/roboracing/Desktop/roboracing-rigatoniv-base/comms/src/udp_client.cpp:43:34:[m[K [01;31m[Kerror: [m[Kmember â€˜[01m[Krclcpp::TimerBase::SharedPtr comms::<unnamed class>::timer_[m[Kâ€™ with constructor not allowed in anonymous aggregate
[12.206s]    43 |     rclcpp::TimerBase::SharedPtr [01;31m[Ktimer_[m[K;
[12.206s]       |                                  [01;31m[K^~~~~~[m[K
[12.207s] [01m[K/home/roboracing/Desktop/roboracing-rigatoniv-base/comms/src/udp_client.cpp:43:34:[m[K [01;31m[Kerror: [m[Kmember â€˜[01m[Krclcpp::TimerBase::SharedPtr comms::<unnamed class>::timer_[m[Kâ€™ with destructor not allowed in anonymous aggregate
[12.207s] [01m[K/home/roboracing/Desktop/roboracing-rigatoniv-base/comms/src/udp_client.cpp:43:34:[m[K [01;31m[Kerror: [m[Kmember â€˜[01m[Krclcpp::TimerBase::SharedPtr comms::<unnamed class>::timer_[m[Kâ€™ with copy assignment operator not allowed in anonymous aggregate
[12.207s] [01m[K/home/roboracing/Desktop/roboracing-rigatoniv-base/comms/src/udp_client.cpp:44:81:[m[K [01;31m[Kerror: [m[Kmember â€˜[01m[Krclcpp::Subscription<ackermann_msgs::msg::AckermannDriveStamped_<std::allocator<void> > >::SharedPtr comms::<unnamed class>::subscription_[m[Kâ€™ with constructor not allowed in anonymous aggregate
[12.207s]    44 |     rclcpp::Subscription<ackermann_msgs::msg::AckermannDriveStamped>::SharedPtr [01;31m[Ksubscription_[m[K;
[12.207s]       |                                                                                 [01;31m[K^~~~~~~~~~~~~[m[K
[12.207s] [01m[K/home/roboracing/Desktop/roboracing-rigatoniv-base/comms/src/udp_client.cpp:44:81:[m[K [01;31m[Kerror: [m[Kmember â€˜[01m[Krclcpp::Subscription<ackermann_msgs::msg::AckermannDriveStamped_<std::allocator<void> > >::SharedPtr comms::<unnamed class>::subscription_[m[Kâ€™ with destructor not allowed in anonymous aggregate
[12.207s] [01m[K/home/roboracing/Desktop/roboracing-rigatoniv-base/comms/src/udp_client.cpp:44:81:[m[K [01;31m[Kerror: [m[Kmember â€˜[01m[Krclcpp::Subscription<ackermann_msgs::msg::AckermannDriveStamped_<std::allocator<void> > >::SharedPtr comms::<unnamed class>::subscription_[m[Kâ€™ with copy assignment operator not allowed in anonymous aggregate
[12.208s] [01m[K/home/roboracing/Desktop/roboracing-rigatoniv-base/comms/src/udp_client.cpp:45:57:[m[K [01;31m[Kerror: [m[Kmember â€˜[01m[Krclcpp::Publisher<std_msgs::msg::String_<std::allocator<void> > >::SharedPtr comms::<unnamed class>::state_publisher_[m[Kâ€™ with constructor not allowed in anonymous aggregate
[12.208s]    45 |     rclcpp::Publisher<std_msgs::msg::String>::SharedPtr [01;31m[Kstate_publisher_[m[K;
[12.208s]       |                                                         [01;31m[K^~~~~~~~~~~~~~~~[m[K
[12.208s] [01m[K/home/roboracing/Desktop/roboracing-rigatoniv-base/comms/src/udp_client.cpp:45:57:[m[K [01;31m[Kerror: [m[Kmember â€˜[01m[Krclcpp::Publisher<std_msgs::msg::String_<std::allocator<void> > >::SharedPtr comms::<unnamed class>::state_publisher_[m[Kâ€™ with destructor not allowed in anonymous aggregate
[12.209s] [01m[K/home/roboracing/Desktop/roboracing-rigatoniv-base/comms/src/udp_client.cpp:45:57:[m[K [01;31m[Kerror: [m[Kmember â€˜[01m[Krclcpp::Publisher<std_msgs::msg::String_<std::allocator<void> > >::SharedPtr comms::<unnamed class>::state_publisher_[m[Kâ€™ with copy assignment operator not allowed in anonymous aggregate
[12.209s] [01m[K/home/roboracing/Desktop/roboracing-rigatoniv-base/comms/src/udp_client.cpp:115:2:[m[K [01;31m[Kerror: [m[Kabstract declarator â€˜[01m[Kcomms::<unnamed class>[m[Kâ€™ used as declaration
[12.209s]   115 | }[01;31m[K;[m[K
[12.209s]       |  [01;31m[K^[m[K
[12.209s] In file included from [01m[K/home/roboracing/ros2_humble/src/ros/class_loader/include/class_loader/class_loader.hpp:56[m[K,
[12.209s]                  from [01m[K/home/roboracing/ros2_humble/src/ros2/rclcpp/rclcpp_components/include/rclcpp_components/register_node_macro.hpp:18[m[K,
[12.210s]                  from [01m[K/home/roboracing/Desktop/roboracing-rigatoniv-base/comms/src/udp_client.cpp:10[m[K:
[12.210s] [01m[K/home/roboracing/Desktop/roboracing-rigatoniv-base/comms/src/udp_client.cpp:116:44:[m[K [01;31m[Kerror: [m[Kâ€˜[01m[KUDPClient[m[Kâ€™ is not a member of â€˜[01m[Kcomms[m[Kâ€™
[12.210s]   116 |     RCLCPP_COMPONENTS_REGISTER_NODE(comms::[01;31m[KUDPClient[m[K)
[12.210s]       |                                            [01;31m[K^~~~~~~~~[m[K
[12.210s] [01m[K/home/roboracing/Desktop/roboracing-rigatoniv-base/comms/src/udp_client.cpp:116:5:[m[K [01;31m[Kerror: [m[Ktemplate argument 1 is invalid
[12.210s]   116 |     [01;31m[KRCLCPP_COMPONENTS_REGISTER_NODE[m[K(comms::UDPClient)
[12.210s]       |     [01;31m[K^~~~~~~~~~~~~~~~~~~~~~~~~~~~~~~[m[K
[14.018s] In file included from [01m[K/home/roboracing/ros2_humble/src/ros/class_loader/include/class_loader/class_loader_core.hpp:57[m[K,
[14.019s]                  from [01m[K/home/roboracing/ros2_humble/src/ros/class_loader/include/class_loader/class_loader.hpp:55[m[K,
[14.019s]                  from [01m[K/home/roboracing/ros2_humble/src/ros2/rclcpp/rclcpp_components/include/rclcpp_components/register_node_macro.hpp:18[m[K,
[14.019s]                  from [01m[K/home/roboracing/Desktop/roboracing-rigatoniv-base/comms/src/udp_client.cpp:10[m[K:
[14.019s] /home/roboracing/ros2_humble/src/ros/class_loader/include/class_loader/meta_object.hpp: In instantiation of â€˜[01m[KB* class_loader::impl::MetaObject<C, B>::create() const [with C = int; B = rclcpp_components::NodeFactory][m[Kâ€™:
[14.019s] [01m[K/home/roboracing/ros2_humble/src/ros/class_loader/include/class_loader/meta_object.hpp:216:7:[m[K   required from here
[14.019s] [01m[K/home/roboracing/ros2_humble/src/ros/class_loader/include/class_loader/meta_object.hpp:218:12:[m[K [01;31m[Kerror: [m[Kcannot convert â€˜[01m[Kint*[m[Kâ€™ to â€˜[01m[Krclcpp_components::NodeFactory*[m[Kâ€™ in return
[14.020s]   218 |     return [01;31m[Knew C[m[K;
[14.020s]       |            [01;31m[K^~~~~[m[K
[14.020s]       |            [01;31m[K|[m[K
[14.020s]       |            [01;31m[Kint*[m[K
[14.621s] gmake[2]: *** [CMakeFiles/comms.dir/build.make:76: CMakeFiles/comms.dir/src/udp_client.cpp.o] Error 1
[14.621s] gmake[1]: *** [CMakeFiles/Makefile2:141: CMakeFiles/comms.dir/all] Error 2
[14.623s] gmake: *** [Makefile:146: all] Error 2
[14.633s] Invoked command in '/home/roboracing/Desktop/roboracing-rigatoniv-base/build/comms' returned '2': CMAKE_PREFIX_PATH=${CMAKE_PREFIX_PATH}:/home/roboracing/Desktop/roboracing-rigatoniv-base/install/launch_robot:/home/roboracing/ros2_humble/install/rqt_bag_plugins:/home/roboracing/ros2_humble/install/rqt_bag:/home/roboracing/ros2_humble/install/launch_testing_examples:/home/roboracing/ros2_humble/install/ros2bag:/home/roboracing/ros2_humble/install/tracetools_test:/home/roboracing/ros2_humble/install/tracetools_launch:/home/roboracing/ros2_humble/install/topic_monitor:/home/roboracing/ros2_humble/install/tf2_tools:/home/roboracing/ros2_humble/install/examples_tf2_py:/home/roboracing/ros2_humble/install/tf2_ros_py:/home/roboracing/ros2_humble/install/sros2:/home/roboracing/ros2_humble/install/rqt_topic:/home/roboracing/ros2_humble/install/rqt_srv:/home/roboracing/ros2_humble/install/rqt_shell:/home/roboracing/ros2_humble/install/rqt_service_caller:/home/roboracing/ros2_humble/install/rqt_reconfigure:/home/roboracing/ros2_humble/install/rqt_py_console:/home/roboracing/ros2_humble/install/rqt_publisher:/home/roboracing/ros2_humble/install/rqt_plot:/home/roboracing/ros2_humble/install/rqt_action:/home/roboracing/ros2_humble/install/rqt_msg:/home/roboracing/ros2_humble/install/rqt_console:/home/roboracing/ros2_humble/install/rqt:/home/roboracing/ros2_humble/install/rqt_graph:/home/roboracing/ros2_humble/install/rqt_gui_py:/home/roboracing/ros2_humble/install/rqt_gui:/home/roboracing/ros2_humble/install/ros2trace:/home/roboracing/ros2_humble/install/ros2topic:/home/roboracing/ros2_humble/install/ros2test:/home/roboracing/ros2_humble/install/ros2component:/home/roboracing/ros2_humble/install/ros2param:/home/roboracing/ros2_humble/install/ros2lifecycle:/home/roboracing/ros2_humble/install/ros2service:/home/roboracing/ros2_humble/install/ros2run:/home/roboracing/ros2_humble/install/ros2launch:/home/roboracing/ros2_humble/install/ros2pkg:/home/roboracing/ros2_humble/install/ros2node:/home/roboracing/ros2_humble/install/ros2multicast:/home/roboracing/ros2_humble/install/ros2interface:/home/roboracing/ros2_humble/install/ros2doctor:/home/roboracing/ros2_humble/install/ros2action:/home/roboracing/ros2_humble/install/ros2cli:/home/roboracing/ros2_humble/install/quality_of_service_demo_py:/home/roboracing/ros2_humble/install/lifecycle_py:/home/roboracing/ros2_humble/install/launch_testing_ros:/home/roboracing/ros2_humble/install/launch_ros:/home/roboracing/ros2_humble/install/examples_rclpy_pointcloud_publisher:/home/roboracing/ros2_humble/install/examples_rclpy_minimal_subscriber:/home/roboracing/ros2_humble/install/examples_rclpy_minimal_service:/home/roboracing/ros2_humble/install/examples_rclpy_minimal_publisher:/home/roboracing/ros2_humble/install/examples_rclpy_minimal_client:/home/roboracing/ros2_humble/install/examples_rclpy_minimal_action_server:/home/roboracing/ros2_humble/install/examples_rclpy_minimal_action_client:/home/roboracing/ros2_humble/install/examples_rclpy_guard_conditions:/home/roboracing/ros2_humble/install/examples_rclpy_executors:/home/roboracing/ros2_humble/install/demo_nodes_py:/home/roboracing/ros2_humble/install/action_tutorials_py:/home/roboracing/ros2_humble/install/ament_uncrustify:/home/roboracing/ros2_humble/install/tracetools_trace:/home/roboracing/ros2_humble/install/tracetools_read:/home/roboracing/ros2_humble/install/test_tracetools_launch:/home/roboracing/ros2_humble/install/test_launch_ros:/home/roboracing/ros2_humble/install/sensor_msgs_py:/home/roboracing/ros2_humble/install/rpyutils:/home/roboracing/ros2_humble/install/rosidl_runtime_py:/home/roboracing/ros2_humble/install/rosidl_cli:/home/roboracing/ros2_humble/install/launch_pytest:/home/roboracing/ros2_humble/install/launch_testing:/home/roboracing/ros2_humble/install/launch_yaml:/home/roboracing/ros2_humble/install/launch_xml:/home/roboracing/ros2_humble/install/launch:/home/roboracing/ros2_humble/install/osrf_pycommon:/home/roboracing/ros2_humble/install/domain_coordinator:/home/roboracing/ros2_humble/install/ament_xmllint:/home/roboracing/ros2_humble/install/ament_pyflakes:/home/roboracing/ros2_humble/install/ament_pycodestyle:/home/roboracing/ros2_humble/install/ament_pep257:/home/roboracing/ros2_humble/install/ament_pclint:/home/roboracing/ros2_humble/install/ament_package:/home/roboracing/ros2_humble/install/ament_mypy:/home/roboracing/ros2_humble/install/ament_lint_cmake:/home/roboracing/ros2_humble/install/ament_flake8:/home/roboracing/ros2_humble/install/ament_copyright:/home/roboracing/ros2_humble/install/ament_lint:/home/roboracing/ros2_humble/install/ament_index_python:/home/roboracing/ros2_humble/install/ament_cpplint:/home/roboracing/ros2_humble/install/ament_cppcheck:/home/roboracing/ros2_humble/install/ament_clang_tidy:/home/roboracing/ros2_humble/install/ament_clang_format:/opt/ros/humble /usr/bin/cmake --build /home/roboracing/Desktop/roboracing-rigatoniv-base/build/comms -- -j6 -l6
