[35m[1mConsolidate compiler generated dependencies of target comms[0m
[ 28%] Built target ackermann_send
[ 57%] Built target udp
[ 71%] [32mBuilding CXX object CMakeFiles/comms.dir/src/udp_client.cpp.o[0m
In file included from [01m[K/usr/include/boost/system/error_code.hpp:19[m[K,
                 from [01m[K/usr/include/boost/asio/detail/throw_error.hpp:19[m[K,
                 from [01m[K/usr/include/boost/asio/detail/impl/posix_tss_ptr.ipp:23[m[K,
                 from [01m[K/usr/include/boost/asio/detail/posix_tss_ptr.hpp:76[m[K,
                 from [01m[K/usr/include/boost/asio/detail/tss_ptr.hpp:27[m[K,
                 from [01m[K/usr/include/boost/asio/detail/call_stack.hpp:20[m[K,
                 from [01m[K/usr/include/boost/asio/detail/thread_context.hpp:20[m[K,
                 from [01m[K/usr/include/boost/asio/detail/recycling_allocator.hpp:20[m[K,
                 from [01m[K/usr/include/boost/asio/detail/handler_alloc_helpers.hpp:21[m[K,
                 from [01m[K/usr/include/boost/asio/detail/executor_function.hpp:19[m[K,
                 from [01m[K/usr/include/boost/asio/execution/any_executor.hpp:23[m[K,
                 from [01m[K/usr/include/boost/asio/execution.hpp:19[m[K,
                 from [01m[K/usr/include/boost/asio/system_executor.hpp:20[m[K,
                 from [01m[K/usr/include/boost/asio/associated_executor.hpp:22[m[K,
                 from [01m[K/usr/include/boost/asio.hpp:21[m[K,
                 from [01m[K/home/roboracing/Desktop/roboracing-rigatoniv-base/comms/src/udp_client.cpp:1[m[K:
/usr/include/c++/11/functional: In instantiation of â€˜[01m[Kstruct std::_Bind_check_arity<void (comms::UDPClient::*)(const boost::system::error_code&, long unsigned int), comms::UDPClient*>[m[Kâ€™:
[01m[K/usr/include/c++/11/functional:768:12:[m[K   required from â€˜[01m[Kstruct std::_Bind_helper<false, void (comms::UDPClient::*)(const boost::system::error_code&, long unsigned int), comms::UDPClient*>[m[Kâ€™
[01m[K/usr/include/c++/11/functional:789:5:[m[K   required by substitution of â€˜[01m[Ktemplate<class _Func, class ... _BoundArgs> typename std::_Bind_helper<std::__is_socketlike<_Func>::value, _Func, _BoundArgs ...>::type std::bind(_Func&&, _BoundArgs&& ...) [with _Func = void (comms::UDPClient::*)(const boost::system::error_code&, long unsigned int); _BoundArgs = {comms::UDPClient*}][m[Kâ€™
[01m[K/home/roboracing/Desktop/roboracing-rigatoniv-base/comms/src/udp_client.cpp:30:18:[m[K   required from here
[01m[K/usr/include/c++/11/functional:756:21:[m[K [01;31m[Kerror: [m[Kstatic assertion failed: Wrong number of arguments for pointer-to-member
  755 |       static_assert(_Varargs::[01;31m[Kvalue[m[K
      |                               [01;31m[K~~~~~[m[K
  756 | [01;31m[K                    ? sizeof...(_BoundArgs) >= _Arity::value + 1[m[K
      |                     [01;31m[K^~~~~~~~~~~~~~~~~~~~~~~~~~~~~~~~~~~~~~~~~~~~[m[K
  757 | [01;31m[K                    : sizeof...(_BoundArgs) == _Arity::value + 1[m[K,
      |                     [01;31m[K~~~~~~~~~~~~~~~~~~~~~~~~~~~~~~~~~~~~~~~~~~~~[m[K
[01m[K/usr/include/c++/11/functional:756:21:[m[K [01;36m[Knote: [m[Kâ€˜[01m[K(false ? (1 >= (((long unsigned int)std::integral_constant<long unsigned int, 2>::value) + 1)) : (1 == (((long unsigned int)std::integral_constant<long unsigned int, 2>::value) + 1)))[m[Kâ€™ evaluates to false
[01m[K/home/roboracing/Desktop/roboracing-rigatoniv-base/comms/src/udp_client.cpp:[m[K In constructor â€˜[01m[Kcomms::UDPClient::UDPClient(const rclcpp::NodeOptions&)[m[Kâ€™:
[01m[K/home/roboracing/Desktop/roboracing-rigatoniv-base/comms/src/udp_client.cpp:28:37:[m[K [01;31m[Kerror: [m[Kno matching function for call to â€˜[01m[Kcomms::UDPClient::create_wall_timer(std::chrono::milliseconds, std::_Bind_helper<false, void (comms::UDPClient::*)(const boost::system::error_code&, long unsigned int), comms::UDPClient*>::type)[m[Kâ€™
   28 |     timer_ = [01;31m[Kthis->create_wall_timer([m[K
      |              [01;31m[K~~~~~~~~~~~~~~~~~~~~~~~^[m[K
   29 | [01;31m[K        std::chrono::milliseconds(500),[m[K
      |         [01;31m[K~~~~~~~~~~~~~~~~~~~~~~~~~~~~~~~[m[K
   30 | [01;31m[K        std::bind(&UDPClient::handle_receive, this))[m[K;
      |         [01;31m[K~~~~~~~~~~~~~~~~~~~~~~~~~~~~~~~~~~~~~~~~~~~~[m[K
In file included from [01m[K/home/roboracing/ros2_humble/install/rclcpp/include/rclcpp/rclcpp/executors/single_threaded_executor.hpp:28[m[K,
                 from [01m[K/home/roboracing/ros2_humble/install/rclcpp/include/rclcpp/rclcpp/executors.hpp:22[m[K,
                 from [01m[K/home/roboracing/ros2_humble/install/rclcpp/include/rclcpp/rclcpp/rclcpp.hpp:155[m[K,
                 from [01m[K/home/roboracing/Desktop/roboracing-rigatoniv-base/comms/src/udp_client.cpp:9[m[K:
[01m[K/home/roboracing/ros2_humble/install/rclcpp/include/rclcpp/rclcpp/node.hpp:238:3:[m[K [01;36m[Knote: [m[Kcandidate: â€˜[01m[Ktemplate<class DurationRepT, class DurationT, class CallbackT> typename rclcpp::WallTimer<CallbackT>::SharedPtr rclcpp::Node::create_wall_timer(std::chrono::duration<_Rep1, _Period1>, CallbackT, rclcpp::CallbackGroup::SharedPtr)[m[Kâ€™
  238 |   [01;36m[Kcreate_wall_timer[m[K(
      |   [01;36m[K^~~~~~~~~~~~~~~~~[m[K
[01m[K/home/roboracing/ros2_humble/install/rclcpp/include/rclcpp/rclcpp/node.hpp:238:3:[m[K [01;36m[Knote: [m[K  template argument deduction/substitution failed:
In file included from [01m[K/home/roboracing/ros2_humble/install/rclcpp/include/rclcpp/rclcpp/node.hpp:1321[m[K,
                 from [01m[K/home/roboracing/ros2_humble/install/rclcpp/include/rclcpp/rclcpp/executors/single_threaded_executor.hpp:28[m[K,
                 from [01m[K/home/roboracing/ros2_humble/install/rclcpp/include/rclcpp/rclcpp/executors.hpp:22[m[K,
                 from [01m[K/home/roboracing/ros2_humble/install/rclcpp/include/rclcpp/rclcpp/rclcpp.hpp:155[m[K,
                 from [01m[K/home/roboracing/Desktop/roboracing-rigatoniv-base/comms/src/udp_client.cpp:9[m[K:
/home/roboracing/ros2_humble/install/rclcpp/include/rclcpp/rclcpp/node_impl.hpp: In substitution of â€˜[01m[Ktemplate<class DurationRepT, class DurationT, class CallbackT> typename rclcpp::WallTimer<CallbackT>::SharedPtr rclcpp::Node::create_wall_timer(std::chrono::duration<_Rep1, _Period1>, CallbackT, rclcpp::CallbackGroup::SharedPtr) [with DurationRepT = long int; DurationT = std::ratio<1, 1000>; CallbackT = std::_Bind<void (comms::UDPClient::*(comms::UDPClient*))(const boost::system::error_code&, long unsigned int)>][m[Kâ€™:
[01m[K/home/roboracing/Desktop/roboracing-rigatoniv-base/comms/src/udp_client.cpp:28:37:[m[K   required from here
[01m[K/home/roboracing/ros2_humble/install/rclcpp/include/rclcpp/rclcpp/node_impl.hpp:110:1:[m[K [01;31m[Kerror: [m[Kno type named â€˜[01m[Ktype[m[Kâ€™ in â€˜[01m[Kstruct std::enable_if<false, void>[m[Kâ€™
  110 | [01;31m[KNode[m[K::create_wall_timer(
      | [01;31m[K^~~~[m[K
[01m[K/home/roboracing/ros2_humble/install/rclcpp/include/rclcpp/rclcpp/node_impl.hpp:110:1:[m[K [01;31m[Kerror: [m[Kno type named â€˜[01m[Ktype[m[Kâ€™ in â€˜[01m[Kstruct std::enable_if<false, void>[m[Kâ€™
[01m[K/home/roboracing/ros2_humble/install/rclcpp/include/rclcpp/rclcpp/node_impl.hpp:110:1:[m[K [01;36m[Knote: [m[Kinvalid template non-type parameter
gmake[2]: *** [CMakeFiles/comms.dir/build.make:76: CMakeFiles/comms.dir/src/udp_client.cpp.o] Error 1
gmake[1]: *** [CMakeFiles/Makefile2:141: CMakeFiles/comms.dir/all] Error 2
gmake: *** [Makefile:146: all] Error 2
